<?xml version="1.0" encoding="UTF-8"?>
<testng-results skipped="0" failed="0" ignored="0" total="1" passed="1">
  <reporter-output>
  </reporter-output>
  <suite name="Default suite" duration-ms="62805" started-at="2019-07-07T13:21:18Z" finished-at="2019-07-07T13:22:21Z">
    <groups>
    </groups>
    <test name="Default test" duration-ms="62805" started-at="2019-07-07T13:21:18Z" finished-at="2019-07-07T13:22:21Z">
      <class name="qAcademyPackageTestCases.QAcademySigninPageNavigation">
        <test-method status="PASS" signature="initDriv()[pri:0, instance:qAcademyPackageTestCases.QAcademySigninPageNavigation@46d56d67]" name="initDriv" is-config="true" duration-ms="10578" started-at="2019-07-07T13:21:18Z" finished-at="2019-07-07T13:21:29Z">
          <reporter-output>
          </reporter-output>
        </test-method> <!-- initDriv -->
        <test-method status="PASS" signature="navigateToHomePage()[pri:0, instance:qAcademyPackageTestCases.QAcademySigninPageNavigation@46d56d67]" name="navigateToHomePage" duration-ms="52083" started-at="2019-07-07T13:21:29Z" finished-at="2019-07-07T13:22:21Z">
          <reporter-output>
          </reporter-output>
        </test-method> <!-- navigateToHomePage -->
      </class> <!-- qAcademyPackageTestCases.QAcademySigninPageNavigation -->
    </test> <!-- Default test -->
  </suite> <!-- Default suite -->
</testng-results>
